\BOOKMARK [1][-]{section.1}{\376\377\000I\000n\000t\000r\000o\000d\000u\000c\000t\000i\000o\000n}{}% 1
\BOOKMARK [2][-]{subsection.1.1}{\376\377\000O\000u\000r\000\040\000C\000o\000n\000t\000r\000i\000b\000u\000t\000i\000o\000n\000s}{section.1}% 2
\BOOKMARK [2][-]{subsection.1.2}{\376\377\000R\000e\000l\000a\000t\000e\000d\000\040\000W\000o\000r\000k}{section.1}% 3
\BOOKMARK [1][-]{section.2}{\376\377\000P\000r\000e\000l\000i\000m\000i\000n\000a\000r\000i\000e\000s}{}% 4
\BOOKMARK [2][-]{subsection.2.1}{\376\377\000B\000i\000l\000i\000n\000e\000a\000r\000\040\000G\000r\000o\000u\000p\000s\000\040\000a\000n\000d\000\040\000C\000r\000y\000p\000t\000o\000g\000r\000a\000p\000h\000i\000c\000\040\000A\000s\000s\000u\000m\000p\000t\000i\000o\000n\000s}{section.2}% 5
\BOOKMARK [2][-]{subsection.2.2}{\376\377\000B\000B\000S\000+\000\040\000S\000i\000g\000n\000a\000t\000u\000r\000e\000s}{section.2}% 6
\BOOKMARK [2][-]{subsection.2.3}{\376\377\000Z\000e\000r\000o\000-\000K\000n\000o\000w\000l\000e\000d\000g\000e\000\040\000P\000r\000o\000o\000f\000s}{section.2}% 7
\BOOKMARK [2][-]{subsection.2.4}{\376\377\000T\000i\000m\000e\000\040\000E\000p\000o\000c\000h\000s\000\040\000a\000n\000d\000\040\000D\000e\000t\000e\000r\000m\000i\000n\000i\000s\000t\000i\000c\000\040\000N\000u\000l\000l\000i\000f\000i\000e\000r\000s}{section.2}% 8
\BOOKMARK [1][-]{section.3}{\376\377\000S\000y\000n\000t\000a\000x\000\040\000a\000n\000d\000\040\000S\000e\000c\000u\000r\000i\000t\000y\000\040\000D\000e\000f\000i\000n\000i\000t\000i\000o\000n\000s}{}% 9
\BOOKMARK [2][-]{subsection.3.1}{\376\377\000S\000y\000n\000t\000a\000x}{section.3}% 10
\BOOKMARK [2][-]{subsection.3.2}{\376\377\000C\000o\000r\000r\000e\000c\000t\000n\000e\000s\000s}{section.3}% 11
\BOOKMARK [2][-]{subsection.3.3}{\376\377\000S\000e\000c\000u\000r\000i\000t\000y\000\040\000D\000e\000f\000i\000n\000i\000t\000i\000o\000n\000s}{section.3}% 12
\BOOKMARK [3][-]{subsubsection.3.3.1}{\376\377\000U\000n\000f\000o\000r\000g\000e\000a\000b\000i\000l\000i\000t\000y}{subsection.3.3}% 13
\BOOKMARK [3][-]{subsubsection.3.3.2}{\376\377\000U\000n\000l\000i\000n\000k\000a\000b\000i\000l\000i\000t\000y}{subsection.3.3}% 14
\BOOKMARK [3][-]{subsubsection.3.3.3}{\376\377\000R\000a\000t\000e\000-\000L\000i\000m\000i\000t\000\040\000S\000o\000u\000n\000d\000n\000e\000s\000s}{subsection.3.3}% 15
\BOOKMARK [1][-]{section.4}{\376\377\000C\000o\000n\000s\000t\000r\000u\000c\000t\000i\000o\000n\000\040\000o\000f\000\040\000E\000p\000o\000c\000h\000-\000B\000o\000u\000n\000d\000\040\000U\000s\000a\000g\000e\000\040\000T\000o\000k\000e\000n\000s}{}% 16
\BOOKMARK [2][-]{subsection.4.1}{\376\377\000P\000u\000b\000l\000i\000c\000\040\000P\000a\000r\000a\000m\000e\000t\000e\000r\000s\000\040\000a\000n\000d\000\040\000K\000e\000y\000\040\000G\000e\000n\000e\000r\000a\000t\000i\000o\000n}{section.4}% 17
\BOOKMARK [2][-]{subsection.4.2}{\376\377\000M\000a\000s\000t\000e\000r\000\040\000S\000u\000b\000s\000c\000r\000i\000p\000t\000i\000o\000n\000\040\000T\000o\000k\000e\000n\000\040\000I\000s\000s\000u\000a\000n\000c\000e}{section.4}% 18
\BOOKMARK [2][-]{subsection.4.3}{\376\377\000E\000p\000o\000c\000h\000\040\000R\000e\000f\000r\000e\000s\000h\000:\000\040\000O\000b\000t\000a\000i\000n\000i\000n\000g\000\040\000a\000\040\000D\000a\000i\000l\000y\000\040\000T\000o\000k\000e\000n}{section.4}% 19
\BOOKMARK [3][-]{subsubsection.4.3.1}{\376\377\000C\000l\000i\000e\000n\000t\000-\000S\000i\000d\000e\000\040\000C\000o\000m\000p\000u\000t\000a\000t\000i\000o\000n}{subsection.4.3}% 20
\BOOKMARK [3][-]{subsubsection.4.3.2}{\376\377\000Z\000e\000r\000o\000-\000K\000n\000o\000w\000l\000e\000d\000g\000e\000\040\000P\000r\000o\000o\000f\000\040\000r\000e\000f\000r\000e\000s\000h}{subsection.4.3}% 21
\BOOKMARK [3][-]{subsubsection.4.3.3}{\376\377\000S\000e\000r\000v\000e\000r\000\040\000V\000e\000r\000i\000f\000i\000c\000a\000t\000i\000o\000n}{subsection.4.3}% 22
\BOOKMARK [3][-]{subsubsection.4.3.4}{\376\377\000C\000l\000i\000e\000n\000t\000\040\000F\000i\000n\000a\000l\000i\000s\000a\000t\000i\000o\000n}{subsection.4.3}% 23
\BOOKMARK [2][-]{subsection.4.4}{\376\377\000I\000n\000t\000r\000a\000-\000E\000p\000o\000c\000h\000\040\000S\000p\000e\000n\000d\000i\000n\000g}{section.4}% 24
\BOOKMARK [3][-]{subsubsection.4.4.1}{\376\377\000C\000l\000i\000e\000n\000t\000-\000S\000i\000d\000e\000\040\000C\000o\000m\000p\000u\000t\000a\000t\000i\000o\000n}{subsection.4.4}% 25
\BOOKMARK [3][-]{subsubsection.4.4.2}{\376\377\000Z\000e\000r\000o\000-\000K\000n\000o\000w\000l\000e\000d\000g\000e\000\040\000P\000r\000o\000o\000f\000\040\000s\000p\000e\000n\000d}{subsection.4.4}% 26
\BOOKMARK [3][-]{subsubsection.4.4.3}{\376\377\000S\000e\000r\000v\000e\000r\000\040\000V\000e\000r\000i\000f\000i\000c\000a\000t\000i\000o\000n}{subsection.4.4}% 27
\BOOKMARK [3][-]{subsubsection.4.4.4}{\376\377\000C\000l\000i\000e\000n\000t\000\040\000F\000i\000n\000a\000l\000i\000s\000a\000t\000i\000o\000n}{subsection.4.4}% 28
\BOOKMARK [1][-]{section.5}{\376\377\000C\000r\000o\000s\000s\000-\000C\000u\000r\000v\000e\000\040\000B\000a\000t\000c\000h\000e\000d\000\040\000E\000q\000u\000a\000l\000i\000t\000y\000\040\000P\000r\000o\000o\000f\000s\000\040\000f\000o\000r\000\040\000R\000a\000n\000g\000e\000\040\000A\000r\000g\000u\000m\000e\000n\000t\000s}{}% 29
\BOOKMARK [2][-]{subsection.5.1}{\376\377\000N\000o\000t\000a\000t\000i\000o\000n\000\040\000a\000n\000d\000\040\000P\000r\000e\000l\000i\000m\000i\000n\000a\000r\000i\000e\000s}{section.5}% 30
\BOOKMARK [2][-]{subsection.5.2}{\376\377\000I\000n\000t\000e\000g\000e\000r\000\040\000A\000r\000i\000t\000h\000m\000e\000t\000i\000c\000\040\000a\000n\000d\000\040\000B\000o\000u\000n\000d\000s}{section.5}% 31
\BOOKMARK [2][-]{subsection.5.3}{\376\377\000T\000h\000e\000\040\000B\000a\000t\000c\000h\000e\000d\000\040\000E\000q\000u\000a\000l\000i\000t\000y\000\040\000P\000r\000o\000o\000f\000\040\000P\000r\000o\000t\000o\000c\000o\000l}{section.5}% 32
\BOOKMARK [3][-]{subsubsection.5.3.1}{\376\377\000P\000r\000o\000v\000e\000r\000\040\000A\000l\000g\000o\000r\000i\000t\000h\000m}{subsection.5.3}% 33
\BOOKMARK [3][-]{subsubsection.5.3.2}{\376\377\000V\000e\000r\000i\000f\000i\000e\000r\000\040\000A\000l\000g\000o\000r\000i\000t\000h\000m}{subsection.5.3}% 34
\BOOKMARK [2][-]{subsection.5.4}{\376\377\000S\000e\000c\000u\000r\000i\000t\000y\000\040\000A\000n\000a\000l\000y\000s\000i\000s\000\040\000o\000f\000\040\000B\000E\000Q}{section.5}% 35
\BOOKMARK [3][-]{subsubsection.5.4.1}{\376\377\000T\000r\000a\000n\000s\000c\000r\000i\000p\000t\000\040\000B\000i\000n\000d\000i\000n\000g}{subsection.5.4}% 36
\BOOKMARK [2][-]{subsection.5.5}{\376\377\000I\000n\000t\000e\000g\000r\000a\000t\000i\000o\000n\000\040\000i\000n\000t\000o\000\040\000E\000B\000U\000T}{section.5}% 37
\BOOKMARK [1][-]{section.6}{\376\377\000S\000e\000c\000u\000r\000i\000t\000y\000\040\000A\000n\000a\000l\000y\000s\000i\000s\000\040\000o\000f\000\040\000E\000B\000U\000T}{}% 38
\BOOKMARK [2][-]{subsection.6.1}{\376\377\000U\000n\000f\000o\000r\000g\000e\000a\000b\000i\000l\000i\000t\000y}{section.6}% 39
\BOOKMARK [2][-]{subsection.6.2}{\376\377\000U\000n\000l\000i\000n\000k\000a\000b\000i\000l\000i\000t\000y}{section.6}% 40
\BOOKMARK [2][-]{subsection.6.3}{\376\377\000R\000a\000t\000e\000-\000L\000i\000m\000i\000t\000\040\000S\000o\000u\000n\000d\000n\000e\000s\000s}{section.6}% 41
\BOOKMARK [1][-]{section.7}{\376\377\000I\000m\000p\000l\000e\000m\000e\000n\000t\000a\000t\000i\000o\000n\000\040\000G\000u\000i\000d\000a\000n\000c\000e}{}% 42
\BOOKMARK [2][-]{subsection.7.1}{\376\377\000B\000B\000S\000+\000\040\000L\000i\000b\000r\000a\000r\000y}{section.7}% 43
\BOOKMARK [2][-]{subsection.7.2}{\376\377\000C\000r\000o\000s\000s\000-\000C\000u\000r\000v\000e\000\040\000B\000a\000t\000c\000h\000e\000d\000\040\000E\000q\000u\000a\000l\000i\000t\000y\000\040\000P\000r\000o\000o\000f\000\040\000I\000m\000p\000l\000e\000m\000e\000n\000t\000a\000t\000i\000o\000n}{section.7}% 44
\BOOKMARK [2][-]{subsection.7.3}{\376\377\000E\000p\000o\000c\000h\000\040\000N\000u\000l\000l\000i\000f\000i\000e\000r\000\040\000C\000o\000m\000p\000u\000t\000a\000t\000i\000o\000n}{section.7}% 45
\BOOKMARK [2][-]{subsection.7.4}{\376\377\000I\000d\000e\000m\000p\000o\000t\000e\000n\000c\000y\000\040\000a\000n\000d\000\040\000T\000o\000r\000n\000\040\000T\000r\000a\000n\000s\000a\000c\000t\000i\000o\000n\000\040\000R\000e\000c\000o\000v\000e\000r\000y}{section.7}% 46
\BOOKMARK [2][-]{subsection.7.5}{\376\377\000A\000P\000I\000\040\000P\000a\000y\000l\000o\000a\000d\000\040\000S\000p\000e\000c\000i\000f\000i\000c\000a\000t\000i\000o\000n}{section.7}% 47
\BOOKMARK [3][-]{subsubsection.7.5.1}{\376\377\000R\000e\000f\000r\000e\000s\000h\000\040\000R\000e\000q\000u\000e\000s\000t\000\040\000P\000a\000y\000l\000o\000a\000d}{subsection.7.5}% 48
\BOOKMARK [3][-]{subsubsection.7.5.2}{\376\377\000S\000p\000e\000n\000d\000\040\000R\000e\000q\000u\000e\000s\000t\000\040\000P\000a\000y\000l\000o\000a\000d}{subsection.7.5}% 49
\BOOKMARK [2][-]{subsection.7.6}{\376\377\000S\000e\000r\000i\000a\000l\000i\000z\000a\000t\000i\000o\000n\000\040\000a\000n\000d\000\040\000D\000o\000m\000a\000i\000n\000\040\000S\000e\000p\000a\000r\000a\000t\000i\000o\000n}{section.7}% 50
\BOOKMARK [2][-]{subsection.7.7}{\376\377\000N\000u\000l\000l\000i\000f\000i\000e\000r\000\040\000D\000a\000t\000a\000b\000a\000s\000e\000\040\000A\000r\000c\000h\000i\000t\000e\000c\000t\000u\000r\000e}{section.7}% 51
\BOOKMARK [2][-]{subsection.7.8}{\376\377\000V\000e\000r\000i\000f\000i\000c\000a\000t\000i\000o\000n\000\040\000O\000r\000d\000e\000r\000\040\000\050\000O\000p\000t\000i\000m\000i\000z\000e\000d\000\051}{section.7}% 52
\BOOKMARK [2][-]{subsection.7.9}{\376\377\000E\000d\000g\000e\000\040\000C\000a\000s\000e\000s}{section.7}% 53
\BOOKMARK [2][-]{subsection.7.10}{\376\377\000P\000r\000i\000v\000a\000c\000y\000\040\000a\000n\000d\000\040\000O\000p\000e\000r\000a\000t\000i\000o\000n\000a\000l\000\040\000C\000o\000n\000s\000i\000d\000e\000r\000a\000t\000i\000o\000n\000s}{section.7}% 54
\BOOKMARK [1][-]{section.8}{\376\377\000P\000e\000r\000f\000o\000r\000m\000a\000n\000c\000e\000\040\000E\000v\000a\000l\000u\000a\000t\000i\000o\000n}{}% 55
\BOOKMARK [1][-]{section.9}{\376\377\000C\000o\000n\000c\000l\000u\000s\000i\000o\000n}{}% 56
